<?xml version="1.0" encoding="UTF-8"?>
<!-- Generated by org.testng.reporters.JUnitReportReporter -->
<testsuite hostname="DESKTOP-MA33PH7" failures="0" tests="9" name="utils.EmployeeUtilsTest" time="0.085" errors="0" timestamp="2022-10-28T00:34:38 EEST" skipped="0">
  <testcase classname="utils.EmployeeUtilsTest" name="testFindByName" time="0.035"/>
  <system-out/>
  <testcase classname="utils.EmployeeUtilsTest" name="testMaxNumberOfSubordinates" time="0.006"/>
  <system-out/>
  <testcase classname="utils.EmployeeUtilsTest" name="testMinBonusToSalary" time="0.001"/>
  <system-out/>
  <testcase classname="utils.EmployeeUtilsTest" name="testMaxBonusToSalary" time="0.003"/>
  <system-out/>
  <testcase classname="utils.EmployeeUtilsTest" name="testGetLargestSalary" time="0.001"/>
  <system-out/>
  <testcase classname="utils.EmployeeUtilsTest" name="testFindByPartOfTheName" time="0.002"/>
  <system-out/>
  <testcase classname="utils.EmployeeUtilsTest" name="testMinNumberOfSubordinates" time="0.033"/>
  <system-out/>
  <testcase classname="utils.EmployeeUtilsTest" name="testGetSmallestSalary" time="0.002"/>
  <system-out/>
  <testcase classname="utils.EmployeeUtilsTest" name="testGetEmployeeMinSalary" time="0.002"/>
  <system-out/>
</testsuite> <!-- utils.EmployeeUtilsTest -->
